<?xml version="1.0" encoding="UTF-8"?>
<!-- Generated by org.testng.reporters.JUnitXMLReporter -->
<testsuite hostname="DESKTOP-D9J4AGQ" name="Test" tests="1" failures="0" timestamp="14 Aug 2020 06:51:58 GMT" time="0.099" errors="0">
  <testcase name="@BeforeTest setup" time="0.0" classname="frames.CrossBrowserScript">
    <failure type="org.testng.TestNGException" message="
Parameter &amp;apos;browser&amp;apos; is required by @Configuration on method setup but has not been marked @Optional or defined
in C:\Users\Yaazhini\eclipse-workspace\frames\testng1.xml">
      <![CDATA[org.testng.TestNGException: 
Parameter 'browser' is required by @Configuration on method setup but has not been marked @Optional or defined
in C:\Users\Yaazhini\eclipse-workspace\frames\testng1.xml
	at java.util.concurrent.FutureTask.run(Unknown Source)
	at java.util.concurrent.ThreadPoolExecutor.runWorker(Unknown Source)
	at java.util.concurrent.ThreadPoolExecutor$Worker.run(Unknown Source)
	at java.lang.Thread.run(Unknown Source)
... Removed 11 stack frames]]>
    </failure>
  </testcase> <!-- @BeforeTest setup -->
  <testcase name="@AfterTest sysout" time="0.0" classname="frames.CrossBrowserScript">
    <skipped/>
  </testcase> <!-- @AfterTest sysout -->
  <testcase name="test" time="0.006" classname="frames.CrossBrowserScript">
    <skipped/>
  </testcase> <!-- test -->
</testsuite> <!-- Test -->
